2022-05-08 10:26:21.216 [main] INFO  c.p.app.ProjectClientApplication.main(18) - Uruchamianie...
2022-05-08 10:28:46.904 [main] INFO  c.p.app.ProjectClientApplication.main(18) - Uruchamianie...
2022-05-08 10:38:34.855 [main] INFO  c.p.app.ProjectClientApplication.main(18) - Uruchamianie...
2022-05-08 10:40:49.905 [main] INFO  c.p.app.ProjectClientApplication.main(18) - Uruchamianie...
2022-05-08 10:45:24.801 [main] INFO  c.p.app.ProjectClientApplication.main(18) - Uruchamianie...2022-05-08
2022-05-08 10:45:53.981 [main] INFO  c.p.app.ProjectClientApplication.main(18) - Uruchamianie...2022-05-08
2022-05-08 10:46:37.174 [main] INFO  c.p.app.ProjectClientApplication.main(18) - Uruchamianie...2022-05-08
2022-05-08 10:46:52.561 [main] INFO  c.p.app.ProjectClientApplication.main(18) - Uruchamianie...2022-05-08
2022-05-08 10:48:52.829 [main] INFO  c.p.app.ProjectClientApplication.main(18) - Uruchamianie...2022-05-08
2022-05-08 10:49:55.999 [main] INFO  c.p.app.ProjectClientApplication.main(18) - Uruchamianie...2022-05-08
2022-05-08 10:50:01.526 [main] ERROR c.p.app.ProjectClientApplication.main(28) - B³¹d podczas dodawania projektu!
javax.persistence.TransactionRequiredException: Executing an update/delete query
	at org.hibernate.orm.core@5.4.13.Final/org.hibernate.internal.AbstractSharedSessionContract.checkTransactionNeededForUpdateOperation(AbstractSharedSessionContract.java:413)
	at org.hibernate.orm.core@5.4.13.Final/org.hibernate.query.internal.AbstractProducedQuery.executeUpdate(AbstractProducedQuery.java:1608)
	at com.project.lab@1.0-SNAPSHOT/com.project.projektDAO.ProjektDAO.setProjekt(ProjektDAO.java:28)
	at com.project.lab@1.0-SNAPSHOT/com.project.app.ProjectClientApplication.main(ProjectClientApplication.java:23)
2022-05-08 10:57:40.267 [main] INFO  c.p.app.ProjectClientApplication.main(18) - Uruchamianie...2022-05-08
2022-05-08 10:57:46.637 [main] ERROR c.p.app.ProjectClientApplication.main(29) - B³¹d podczas dodawania projektu!
javax.persistence.TransactionRequiredException: Executing an update/delete query
	at org.hibernate.orm.core@5.4.13.Final/org.hibernate.internal.AbstractSharedSessionContract.checkTransactionNeededForUpdateOperation(AbstractSharedSessionContract.java:413)
	at org.hibernate.orm.core@5.4.13.Final/org.hibernate.query.internal.AbstractProducedQuery.executeUpdate(AbstractProducedQuery.java:1608)
	at com.project.lab@1.0-SNAPSHOT/com.project.projektDAO.ProjektDAO.setProjekt(ProjektDAO.java:28)
	at com.project.lab@1.0-SNAPSHOT/com.project.app.ProjectClientApplication.main(ProjectClientApplication.java:23)
2022-05-08 11:06:14.221 [main] INFO  c.p.app.ProjectClientApplication.main(18) - Uruchamianie...2022-05-08
2022-05-08 11:06:20.547 [main] INFO  c.p.app.ProjectClientApplication.main(25) - Id utworzonego projektu: 1
2022-05-08 11:13:48.932 [main] INFO  c.p.app.ProjectClientApplication.main(18) - Uruchamianie...2022-05-08
2022-05-08 11:13:50.644 [main] INFO  c.p.app.ProjectClientApplication.main(25) - Id utworzonego projektu: 2
2022-05-08 11:18:59.562 [main] INFO  c.p.app.ProjectClientApplication.main(18) - Uruchamianie...2022-05-08
2022-05-08 11:19:01.398 [main] INFO  c.p.app.ProjectClientApplication.main(25) - Id utworzonego projektu: 3
2022-05-08 11:19:01.486 [main] INFO  c.p.app.ProjectClientApplication.main(37) - Pobrano projekt: ${projekt}
2022-05-08 12:24:17.003 [main] INFO  c.p.app.ProjectClientApplication.main(18) - Uruchamianie...2022-05-08
2022-05-08 12:24:18.538 [main] INFO  c.p.app.ProjectClientApplication.main(25) - Id utworzonego projektu: 4
2022-05-08 12:59:37.588 [pool-2-thread-1] ERROR com.project.projektDAO.ProjektDAO.setProjekt(50) - Nie uda³o siê dodaæ projektuorg.hibernate.PersistentObjectException: detached entity passed to persist: com.project.lab2.Projekt
2022-05-08 13:56:29.114 [pool-2-thread-1] ERROR c.p.controller.ProjectController.lambda$loadPage$4(181) - B³¹d podczas pobierania listy projektów! ({})
java.lang.NullPointerException: Cannot invoke "com.project.projektDAO.ProjektDAO.getProjekty(java.lang.Integer, java.lang.Integer)" because "this.projektDAO" is null
	at com.project.lab@1.0-SNAPSHOT/com.project.controller.ProjectController.lambda$loadPage$4(ProjectController.java:170)
	at java.base/java.util.concurrent.ThreadPoolExecutor.runWorker(ThreadPoolExecutor.java:1136)
	at java.base/java.util.concurrent.ThreadPoolExecutor$Worker.run(ThreadPoolExecutor.java:635)
	at java.base/java.lang.Thread.run(Thread.java:833)
2022-05-08 13:58:01.206 [pool-11-thread-1] ERROR c.p.controller.ProjectController.lambda$loadPage$4(181) - B³¹d podczas pobierania listy projektów! ({})
java.lang.IllegalArgumentException: first-result value cannot be negative : -5
	at org.hibernate.orm.core@5.4.13.Final/org.hibernate.query.internal.AbstractProducedQuery.setFirstResult(AbstractProducedQuery.java:922)
	at org.hibernate.orm.core@5.4.13.Final/org.hibernate.query.internal.AbstractProducedQuery.setFirstResult(AbstractProducedQuery.java:111)
	at com.project.lab@1.0-SNAPSHOT/com.project.projektDAO.ProjektDAO.getProjekty(ProjektDAO.java:102)
	at com.project.lab@1.0-SNAPSHOT/com.project.controller.ProjectController.lambda$loadPage$4(ProjectController.java:170)
	at java.base/java.util.concurrent.ThreadPoolExecutor.runWorker(ThreadPoolExecutor.java:1136)
	at java.base/java.util.concurrent.ThreadPoolExecutor$Worker.run(ThreadPoolExecutor.java:635)
	at java.base/java.lang.Thread.run(Thread.java:833)
2022-05-08 13:58:09.401 [pool-11-thread-1] ERROR c.p.controller.ProjectController.lambda$loadPage$4(181) - B³¹d podczas pobierania listy projektów! ({})
java.lang.IllegalArgumentException: first-result value cannot be negative : -5
	at org.hibernate.orm.core@5.4.13.Final/org.hibernate.query.internal.AbstractProducedQuery.setFirstResult(AbstractProducedQuery.java:922)
	at org.hibernate.orm.core@5.4.13.Final/org.hibernate.query.internal.AbstractProducedQuery.setFirstResult(AbstractProducedQuery.java:111)
	at com.project.lab@1.0-SNAPSHOT/com.project.projektDAO.ProjektDAO.getProjekty(ProjektDAO.java:102)
	at com.project.lab@1.0-SNAPSHOT/com.project.controller.ProjectController.lambda$loadPage$4(ProjectController.java:170)
	at java.base/java.util.concurrent.ThreadPoolExecutor.runWorker(ThreadPoolExecutor.java:1136)
	at java.base/java.util.concurrent.ThreadPoolExecutor$Worker.run(ThreadPoolExecutor.java:635)
	at java.base/java.lang.Thread.run(Thread.java:833)
2022-05-08 14:01:24.276 [pool-2-thread-1] ERROR c.p.controller.ProjectController.lambda$loadPage$4(183) - B³¹d podczas pobierania listy projektów! ({})
java.lang.NullPointerException: Cannot invoke "com.project.projektDAO.ProjektDAO.getProjekty(java.lang.Integer, java.lang.Integer)" because "this.projektDAO" is null
	at com.project.lab@1.0-SNAPSHOT/com.project.controller.ProjectController.lambda$loadPage$4(ProjectController.java:170)
	at java.base/java.util.concurrent.ThreadPoolExecutor.runWorker(ThreadPoolExecutor.java:1136)
	at java.base/java.util.concurrent.ThreadPoolExecutor$Worker.run(ThreadPoolExecutor.java:635)
	at java.base/java.lang.Thread.run(Thread.java:833)
2022-05-08 14:05:49.408 [pool-2-thread-1] ERROR c.p.controller.ProjectController.lambda$loadPage$4(183) - B³¹d podczas pobierania listy projektów! ({})
java.lang.NullPointerException: Cannot invoke "com.project.projektDAO.ProjektDAO.getProjekty(java.lang.Integer, java.lang.Integer)" because "this.projektDAO" is null
	at com.project.lab@1.0-SNAPSHOT/com.project.controller.ProjectController.lambda$loadPage$4(ProjectController.java:170)
	at java.base/java.util.concurrent.ThreadPoolExecutor.runWorker(ThreadPoolExecutor.java:1136)
	at java.base/java.util.concurrent.ThreadPoolExecutor$Worker.run(ThreadPoolExecutor.java:635)
	at java.base/java.lang.Thread.run(Thread.java:833)
2022-05-08 14:08:47.411 [pool-2-thread-1] ERROR c.p.controller.ProjectController.lambda$loadPage$4(183) - B³¹d podczas pobierania listy projektów! ({})
java.lang.NullPointerException: Cannot invoke "com.project.projektDAO.ProjektDAO.getProjekty(java.lang.Integer, java.lang.Integer)" because "this.projektDAO" is null
	at com.project.lab@1.0-SNAPSHOT/com.project.controller.ProjectController.lambda$loadPage$4(ProjectController.java:170)
	at java.base/java.util.concurrent.ThreadPoolExecutor.runWorker(ThreadPoolExecutor.java:1136)
	at java.base/java.util.concurrent.ThreadPoolExecutor$Worker.run(ThreadPoolExecutor.java:635)
	at java.base/java.lang.Thread.run(Thread.java:833)
2022-05-08 14:12:06.144 [pool-2-thread-1] ERROR c.p.controller.ProjectController.lambda$loadPage$4(183) - B³¹d podczas pobierania listy projektów! ({})
java.lang.NullPointerException: Cannot invoke "com.project.projektDAO.ProjektDAO.getProjekty(java.lang.Integer, java.lang.Integer)" because "this.projektDAO" is null
	at com.project.lab@1.0-SNAPSHOT/com.project.controller.ProjectController.lambda$loadPage$4(ProjectController.java:170)
	at java.base/java.util.concurrent.ThreadPoolExecutor.runWorker(ThreadPoolExecutor.java:1136)
	at java.base/java.util.concurrent.ThreadPoolExecutor$Worker.run(ThreadPoolExecutor.java:635)
	at java.base/java.lang.Thread.run(Thread.java:833)
2022-05-08 14:13:19.323 [pool-2-thread-1] ERROR c.p.controller.ProjectController.lambda$loadPage$4(183) - B³¹d podczas pobierania listy projektów! ({})
java.lang.NullPointerException: Cannot invoke "com.project.projektDAO.ProjektDAO.getProjekty(java.lang.Integer, java.lang.Integer)" because "this.projektDAO" is null
	at com.project.lab@1.0-SNAPSHOT/com.project.controller.ProjectController.lambda$loadPage$4(ProjectController.java:170)
	at java.base/java.util.concurrent.ThreadPoolExecutor.runWorker(ThreadPoolExecutor.java:1136)
	at java.base/java.util.concurrent.ThreadPoolExecutor$Worker.run(ThreadPoolExecutor.java:635)
	at java.base/java.lang.Thread.run(Thread.java:833)
2022-05-08 14:14:13.099 [pool-2-thread-1] ERROR c.p.controller.ProjectController.lambda$loadPage$4(183) - B³¹d podczas pobierania listy projektów! ({})
java.lang.NullPointerException: Cannot invoke "com.project.projektDAO.ProjektDAO.getProjekty(java.lang.Integer, java.lang.Integer)" because "this.projektDAO" is null
	at com.project.lab@1.0-SNAPSHOT/com.project.controller.ProjectController.lambda$loadPage$4(ProjectController.java:170)
	at java.base/java.util.concurrent.ThreadPoolExecutor.runWorker(ThreadPoolExecutor.java:1136)
	at java.base/java.util.concurrent.ThreadPoolExecutor$Worker.run(ThreadPoolExecutor.java:635)
	at java.base/java.lang.Thread.run(Thread.java:833)
